<?xml version="1.0" encoding="UTF-8"?>
<!-- Generated by org.testng.reporters.JUnitXMLReporter -->
<testsuite hostname="HP" ignored="0" name="Default test" tests="3" failures="0" timestamp="12 Apr 2022 05:05:54 GMT" time="3.739" errors="0">
  <testcase name="@BeforeClass beforeclass" time="3.565" classname="org.dataprovider.AdactinHotel3">
    <failure type="io.github.bonigarcia.wdm.config.WebDriverManagerException" message="io.github.bonigarcia.wdm.config.WebDriverManagerException: java.net.UnknownHostException: chromedriver.storage.googleapis.com">
      <![CDATA[io.github.bonigarcia.wdm.config.WebDriverManagerException: io.github.bonigarcia.wdm.config.WebDriverManagerException: java.net.UnknownHostException: chromedriver.storage.googleapis.com
at io.github.bonigarcia.wdm.WebDriverManager.handleException(WebDriverManager.java:747)
at io.github.bonigarcia.wdm.WebDriverManager.manage(WebDriverManager.java:541)
at io.github.bonigarcia.wdm.WebDriverManager.handleException(WebDriverManager.java:744)
at io.github.bonigarcia.wdm.WebDriverManager.manage(WebDriverManager.java:541)
at io.github.bonigarcia.wdm.WebDriverManager.setup(WebDriverManager.java:277)
at org.Base.BaseClass.browserLaunch(BaseClass.java:40)
at org.dataprovider.AdactinHotel3.beforeclass(AdactinHotel3.java:24)
at sun.reflect.NativeMethodAccessorImpl.invoke0(Native Method)
at sun.reflect.NativeMethodAccessorImpl.invoke(Unknown Source)
at sun.reflect.DelegatingMethodAccessorImpl.invoke(Unknown Source)
at java.lang.reflect.Method.invoke(Unknown Source)
at org.testng.internal.MethodInvocationHelper.invokeMethod(MethodInvocationHelper.java:124)
at org.testng.internal.MethodInvocationHelper.invokeMethodConsideringTimeout(MethodInvocationHelper.java:59)
at org.testng.internal.Invoker.invokeConfigurationMethod(Invoker.java:458)
at org.testng.internal.Invoker.invokeConfigurations(Invoker.java:222)
at org.testng.internal.Invoker.invokeConfigurations(Invoker.java:142)
at org.testng.internal.TestMethodWorker.invokeBeforeClassMethods(TestMethodWorker.java:168)
at org.testng.internal.TestMethodWorker.run(TestMethodWorker.java:105)
at org.testng.TestRunner.privateRun(TestRunner.java:648)
at org.testng.TestRunner.run(TestRunner.java:505)
at org.testng.SuiteRunner.runTest(SuiteRunner.java:455)
at org.testng.SuiteRunner.runSequentially(SuiteRunner.java:450)
at org.testng.SuiteRunner.privateRun(SuiteRunner.java:415)
at org.testng.SuiteRunner.run(SuiteRunner.java:364)
at org.testng.SuiteRunnerWorker.runSuite(SuiteRunnerWorker.java:52)
at org.testng.SuiteRunnerWorker.run(SuiteRunnerWorker.java:84)
at org.testng.TestNG.runSuitesSequentially(TestNG.java:1208)
at org.testng.TestNG.runSuitesLocally(TestNG.java:1137)
at org.testng.TestNG.runSuites(TestNG.java:1049)
at org.testng.TestNG.run(TestNG.java:1017)
at org.testng.remote.AbstractRemoteTestNG.run(AbstractRemoteTestNG.java:132)
at org.testng.remote.RemoteTestNG.initAndRun(RemoteTestNG.java:236)
at org.testng.remote.RemoteTestNG.main(RemoteTestNG.java:81)
Caused by: io.github.bonigarcia.wdm.config.WebDriverManagerException: java.net.UnknownHostException: chromedriver.storage.googleapis.com
at io.github.bonigarcia.wdm.WebDriverManager.getDriversFromXml(WebDriverManager.java:876)
at io.github.bonigarcia.wdm.managers.ChromeDriverManager.getDriverUrls(ChromeDriverManager.java:100)
at io.github.bonigarcia.wdm.WebDriverManager.createUrlHandler(WebDriverManager.java:753)
at io.github.bonigarcia.wdm.WebDriverManager.download(WebDriverManager.java:602)
at io.github.bonigarcia.wdm.WebDriverManager.manage(WebDriverManager.java:535)
... 31 more
Caused by: java.net.UnknownHostException: chromedriver.storage.googleapis.com
at java.net.InetAddress.getAllByName0(Unknown Source)
at java.net.InetAddress.getAllByName(Unknown Source)
at java.net.InetAddress.getAllByName(Unknown Source)
at org.apache.hc.client5.http.SystemDefaultDnsResolver.resolve(SystemDefaultDnsResolver.java:43)
at org.apache.hc.client5.http.impl.io.DefaultHttpClientConnectionOperator.connect(DefaultHttpClientConnectionOperator.java:118)
at org.apache.hc.client5.http.impl.io.PoolingHttpClientConnectionManager.connect(PoolingHttpClientConnectionManager.java:413)
at org.apache.hc.client5.http.impl.classic.InternalExecRuntime.connectEndpoint(InternalExecRuntime.java:164)
at org.apache.hc.client5.http.impl.classic.InternalExecRuntime.connectEndpoint(InternalExecRuntime.java:174)
at org.apache.hc.client5.http.impl.classic.ConnectExec.execute(ConnectExec.java:135)
at org.apache.hc.client5.http.impl.classic.ExecChainElement.execute(ExecChainElement.java:51)
at org.apache.hc.client5.http.impl.classic.ExecChainElement$1.proceed(ExecChainElement.java:57)
at org.apache.hc.client5.http.impl.classic.ProtocolExec.execute(ProtocolExec.java:169)
at org.apache.hc.client5.http.impl.classic.ExecChainElement.execute(ExecChainElement.java:51)
at org.apache.hc.client5.http.impl.classic.ExecChainElement$1.proceed(ExecChainElement.java:57)
at org.apache.hc.client5.http.impl.classic.HttpRequestRetryExec.execute(HttpRequestRetryExec.java:93)
at org.apache.hc.client5.http.impl.classic.ExecChainElement.execute(ExecChainElement.java:51)
at org.apache.hc.client5.http.impl.classic.ExecChainElement$1.proceed(ExecChainElement.java:57)
at org.apache.hc.client5.http.impl.classic.ContentCompressionExec.execute(ContentCompressionExec.java:128)
at org.apache.hc.client5.http.impl.classic.ExecChainElement.execute(ExecChainElement.java:51)
at org.apache.hc.client5.http.impl.classic.ExecChainElement$1.proceed(ExecChainElement.java:57)
at org.apache.hc.client5.http.impl.classic.RedirectExec.execute(RedirectExec.java:116)
at org.apache.hc.client5.http.impl.classic.ExecChainElement.execute(ExecChainElement.java:51)
at org.apache.hc.client5.http.impl.classic.InternalHttpClient.doExecute(InternalHttpClient.java:178)
at org.apache.hc.client5.http.impl.classic.CloseableHttpClient.execute(CloseableHttpClient.java:75)
at org.apache.hc.client5.http.impl.classic.CloseableHttpClient.execute(CloseableHttpClient.java:89)
at io.github.bonigarcia.wdm.online.HttpClient.execute(HttpClient.java:138)
at io.github.bonigarcia.wdm.WebDriverManager.getDriversFromXml(WebDriverManager.java:861)
... 35 more
]]>
    </failure>
  </testcase> <!-- @BeforeClass beforeclass -->
  <testcase name="@BeforeMethod beforemethod" time="0.0" classname="org.dataprovider.AdactinHotel3">
    <skipped/>
  </testcase> <!-- @BeforeMethod beforemethod -->
  <testcase name="@AfterMethod Aftermethod" time="0.0" classname="org.dataprovider.AdactinHotel3">
    <skipped/>
  </testcase> <!-- @AfterMethod Aftermethod -->
  <testcase name="@BeforeMethod beforemethod" time="0.0" classname="org.dataprovider.AdactinHotel3">
    <skipped/>
  </testcase> <!-- @BeforeMethod beforemethod -->
  <testcase name="@AfterMethod Aftermethod" time="0.0" classname="org.dataprovider.AdactinHotel3">
    <skipped/>
  </testcase> <!-- @AfterMethod Aftermethod -->
  <testcase name="@BeforeMethod beforemethod" time="0.0" classname="org.dataprovider.AdactinHotel3">
    <skipped/>
  </testcase> <!-- @BeforeMethod beforemethod -->
  <testcase name="@AfterMethod Aftermethod" time="0.0" classname="org.dataprovider.AdactinHotel3">
    <skipped/>
  </testcase> <!-- @AfterMethod Aftermethod -->
  <testcase name="@AfterClass afterclass" time="0.0" classname="org.dataprovider.AdactinHotel3">
    <skipped/>
  </testcase> <!-- @AfterClass afterclass -->
  <testcase name="test1" time="0.0" classname="org.dataprovider.AdactinHotel3">
    <skipped/>
  </testcase> <!-- test1 -->
  <testcase name="test1" time="0.0" classname="org.dataprovider.AdactinHotel3">
    <skipped/>
  </testcase> <!-- test1 -->
  <testcase name="test1" time="0.0" classname="org.dataprovider.AdactinHotel3">
    <skipped/>
  </testcase> <!-- test1 -->
</testsuite> <!-- Default test -->
